<?xml version="1.0" encoding="UTF-8"?>
<!-- Generated by org.testng.reporters.JUnitReportReporter -->
<testsuite hostname="QPaaSICNV5479" failures="0" tests="35" name="BingPackage.BingClass" time="65.720" errors="1" timestamp="2023-03-02T01:46:32 EST" skipped="0">
  <testcase classname="BingPackage.BingClass" name="SignIn" time="7.261"/>
  <system-out/>
  <testcase classname="BingPackage.BingClass" name="Search" time="1.752"/>
  <system-out/>
  <testcase classname="BingPackage.BingClass" name="Search" time="1.821"/>
  <system-out/>
  <testcase classname="BingPackage.BingClass" name="Search" time="1.460"/>
  <system-out/>
  <testcase classname="BingPackage.BingClass" name="Search" time="1.628"/>
  <system-out/>
  <testcase classname="BingPackage.BingClass" name="Search" time="1.618"/>
  <system-out/>
  <testcase classname="BingPackage.BingClass" name="Search" time="1.909"/>
  <system-out/>
  <testcase classname="BingPackage.BingClass" name="Search" time="1.552"/>
  <system-out/>
  <testcase classname="BingPackage.BingClass" name="Search" time="1.570"/>
  <system-out/>
  <testcase classname="BingPackage.BingClass" name="Search" time="1.656"/>
  <system-out/>
  <testcase classname="BingPackage.BingClass" name="Search" time="1.733"/>
  <system-out/>
  <testcase classname="BingPackage.BingClass" name="Search" time="2.534"/>
  <system-out/>
  <testcase classname="BingPackage.BingClass" name="Search" time="1.879"/>
  <system-out/>
  <testcase classname="BingPackage.BingClass" name="Search" time="2.132"/>
  <system-out/>
  <testcase classname="BingPackage.BingClass" name="Search" time="1.526"/>
  <system-out/>
  <testcase classname="BingPackage.BingClass" name="Search" time="1.223">
    <error message="element not interactable
  (Session info: MicrosoftEdge=110.0.1587.57)
Build info: version: &#039;4.8.0&#039;, revision: &#039;267030adea&#039;
System info: os.name: &#039;Windows 10&#039;, os.arch: &#039;amd64&#039;, os.version: &#039;10.0&#039;, java.version: &#039;17.0.4.1&#039;
Driver info: org.openqa.selenium.edge.EdgeDriver
Command: [7bd8fca1b8f77cf3114d618a1264f300, sendKeysToElement {id=6d6ea3d9-f7da-418e-a5d7-7383bb5427bc, value=[Ljava.lang.CharSequence;@627d8516}]
Capabilities {acceptInsecureCerts: false, browserName: msedge, browserVersion: 110.0.1587.57, ms:edgeOptions: {debuggerAddress: localhost:61113}, msedge: {msedgedriverVersion: 110.0.1587.56 (65e63b43e03b..., userDataDir: C:\Users\SRKTRV~1\AppData\L...}, networkConnectionEnabled: false, pageLoadStrategy: normal, platformName: WINDOWS, proxy: Proxy(), se:cdp: ws://localhost:61113/devtoo..., se:cdpVersion: 110.0.1587.57, setWindowRect: true, strictFileInteractability: false, timeouts: {implicit: 0, pageLoad: 300000, script: 30000}, unhandledPromptBehavior: dismiss and notify, webauthn:extension:credBlob: true, webauthn:extension:largeBlob: true, webauthn:virtualAuthenticators: true}
Element: [[EdgeDriver: msedge on WINDOWS (7bd8fca1b8f77cf3114d618a1264f300)] -&gt; xpath: //textarea[@name=&#039;q&#039;]]
Session ID: 7bd8fca1b8f77cf3114d618a1264f300" type="org.openqa.selenium.ElementNotInteractableException">
      <![CDATA[org.openqa.selenium.ElementNotInteractableException: element not interactable
  (Session info: MicrosoftEdge=110.0.1587.57)
Build info: version: '4.8.0', revision: '267030adea'
System info: os.name: 'Windows 10', os.arch: 'amd64', os.version: '10.0', java.version: '17.0.4.1'
Driver info: org.openqa.selenium.edge.EdgeDriver
Command: [7bd8fca1b8f77cf3114d618a1264f300, sendKeysToElement {id=6d6ea3d9-f7da-418e-a5d7-7383bb5427bc, value=[Ljava.lang.CharSequence;@627d8516}]
Capabilities {acceptInsecureCerts: false, browserName: msedge, browserVersion: 110.0.1587.57, ms:edgeOptions: {debuggerAddress: localhost:61113}, msedge: {msedgedriverVersion: 110.0.1587.56 (65e63b43e03b..., userDataDir: C:\Users\SRKTRV~1\AppData\L...}, networkConnectionEnabled: false, pageLoadStrategy: normal, platformName: WINDOWS, proxy: Proxy(), se:cdp: ws://localhost:61113/devtoo..., se:cdpVersion: 110.0.1587.57, setWindowRect: true, strictFileInteractability: false, timeouts: {implicit: 0, pageLoad: 300000, script: 30000}, unhandledPromptBehavior: dismiss and notify, webauthn:extension:credBlob: true, webauthn:extension:largeBlob: true, webauthn:virtualAuthenticators: true}
Element: [[EdgeDriver: msedge on WINDOWS (7bd8fca1b8f77cf3114d618a1264f300)] -> xpath: //textarea[@name='q']]
Session ID: 7bd8fca1b8f77cf3114d618a1264f300
at java.base/jdk.internal.reflect.NativeConstructorAccessorImpl.newInstance0(Native Method)
at java.base/jdk.internal.reflect.NativeConstructorAccessorImpl.newInstance(NativeConstructorAccessorImpl.java:77)
at java.base/jdk.internal.reflect.DelegatingConstructorAccessorImpl.newInstance(DelegatingConstructorAccessorImpl.java:45)
at java.base/java.lang.reflect.Constructor.newInstanceWithCaller(Constructor.java:499)
at java.base/java.lang.reflect.Constructor.newInstance(Constructor.java:480)
at org.openqa.selenium.remote.codec.w3c.W3CHttpResponseCodec.createException(W3CHttpResponseCodec.java:200)
at org.openqa.selenium.remote.codec.w3c.W3CHttpResponseCodec.decode(W3CHttpResponseCodec.java:133)
at org.openqa.selenium.remote.codec.w3c.W3CHttpResponseCodec.decode(W3CHttpResponseCodec.java:53)
at org.openqa.selenium.remote.HttpCommandExecutor.execute(HttpCommandExecutor.java:184)
at org.openqa.selenium.remote.service.DriverCommandExecutor.invokeExecute(DriverCommandExecutor.java:167)
at org.openqa.selenium.remote.service.DriverCommandExecutor.execute(DriverCommandExecutor.java:142)
at org.openqa.selenium.remote.RemoteWebDriver.execute(RemoteWebDriver.java:543)
at org.openqa.selenium.remote.RemoteWebElement.execute(RemoteWebElement.java:257)
at org.openqa.selenium.remote.RemoteWebElement.sendKeys(RemoteWebElement.java:113)
at BingPackage.BingClass.Search(BingClass.java:45)
at java.base/jdk.internal.reflect.NativeMethodAccessorImpl.invoke0(Native Method)
at java.base/jdk.internal.reflect.NativeMethodAccessorImpl.invoke(NativeMethodAccessorImpl.java:77)
at java.base/jdk.internal.reflect.DelegatingMethodAccessorImpl.invoke(DelegatingMethodAccessorImpl.java:43)
at java.base/java.lang.reflect.Method.invoke(Method.java:568)
at org.testng.internal.MethodInvocationHelper.invokeMethod(MethodInvocationHelper.java:133)
at org.testng.internal.TestInvoker.invokeMethod(TestInvoker.java:598)
at org.testng.internal.TestInvoker.invokeTestMethod(TestInvoker.java:173)
at org.testng.internal.MethodRunner.runInSequence(MethodRunner.java:46)
at org.testng.internal.TestInvoker$MethodInvocationAgent.invoke(TestInvoker.java:824)
at org.testng.internal.TestInvoker.invokeTestMethods(TestInvoker.java:146)
at org.testng.internal.TestMethodWorker.invokeTestMethods(TestMethodWorker.java:146)
at org.testng.internal.TestMethodWorker.run(TestMethodWorker.java:128)
at java.base/java.util.ArrayList.forEach(ArrayList.java:1511)
at org.testng.TestRunner.privateRun(TestRunner.java:794)
at org.testng.TestRunner.run(TestRunner.java:596)
at org.testng.SuiteRunner.runTest(SuiteRunner.java:377)
at org.testng.SuiteRunner.runSequentially(SuiteRunner.java:371)
at org.testng.SuiteRunner.privateRun(SuiteRunner.java:332)
at org.testng.SuiteRunner.run(SuiteRunner.java:276)
at org.testng.SuiteRunnerWorker.runSuite(SuiteRunnerWorker.java:53)
at org.testng.SuiteRunnerWorker.run(SuiteRunnerWorker.java:96)
at org.testng.TestNG.runSuitesSequentially(TestNG.java:1212)
at org.testng.TestNG.runSuitesLocally(TestNG.java:1134)
at org.testng.TestNG.runSuites(TestNG.java:1063)
at org.testng.TestNG.run(TestNG.java:1031)
at org.testng.remote.AbstractRemoteTestNG.run(AbstractRemoteTestNG.java:115)
at org.testng.remote.RemoteTestNG.initAndRun(RemoteTestNG.java:251)
at org.testng.remote.RemoteTestNG.main(RemoteTestNG.java:77)
]]>
    </error>
  </testcase> <!-- Search -->
  <system-out/>
  <testcase classname="BingPackage.BingClass" name="Search" time="1.420"/>
  <system-out/>
  <testcase classname="BingPackage.BingClass" name="Search" time="1.883"/>
  <system-out/>
  <testcase classname="BingPackage.BingClass" name="Search" time="1.507"/>
  <system-out/>
  <testcase classname="BingPackage.BingClass" name="Search" time="0.619"/>
  <system-out/>
  <testcase classname="BingPackage.BingClass" name="Search" time="2.095"/>
  <system-out/>
  <testcase classname="BingPackage.BingClass" name="Search" time="1.668"/>
  <system-out/>
  <testcase classname="BingPackage.BingClass" name="Search" time="1.714"/>
  <system-out/>
  <testcase classname="BingPackage.BingClass" name="Search" time="1.780"/>
  <system-out/>
  <testcase classname="BingPackage.BingClass" name="Search" time="1.655"/>
  <system-out/>
  <testcase classname="BingPackage.BingClass" name="Search" time="2.534"/>
  <system-out/>
  <testcase classname="BingPackage.BingClass" name="Search" time="1.513"/>
  <system-out/>
  <testcase classname="BingPackage.BingClass" name="Search" time="1.860"/>
  <system-out/>
  <testcase classname="BingPackage.BingClass" name="Search" time="1.782"/>
  <system-out/>
  <testcase classname="BingPackage.BingClass" name="Search" time="1.672"/>
  <system-out/>
  <testcase classname="BingPackage.BingClass" name="Search" time="1.303"/>
  <system-out/>
  <testcase classname="BingPackage.BingClass" name="Search" time="1.570"/>
  <system-out/>
  <testcase classname="BingPackage.BingClass" name="Search" time="2.603"/>
  <system-out/>
  <testcase classname="BingPackage.BingClass" name="Search" time="1.601"/>
  <system-out/>
  <testcase classname="BingPackage.BingClass" name="Search" time="1.687"/>
  <system-out/>
</testsuite> <!-- BingPackage.BingClass -->
