<?xml version="1.0" encoding="UTF-8"?>
<!-- Generated by org.testng.reporters.JUnitReportReporter -->
<testsuite hostname="Sri-HP-New" failures="0" tests="30" name="BingPackage.BingClass" time="66.891" errors="0" timestamp="2023-02-25T14:53:39 IST" skipped="0">
  <testcase classname="BingPackage.BingClass" name="search" time="1.677"/>
  <system-out/>
  <testcase classname="BingPackage.BingClass" name="search" time="2.712"/>
  <system-out/>
  <testcase classname="BingPackage.BingClass" name="search" time="1.829"/>
  <system-out/>
  <testcase classname="BingPackage.BingClass" name="search" time="1.692"/>
  <system-out/>
  <testcase classname="BingPackage.BingClass" name="search" time="2.569"/>
  <system-out/>
  <testcase classname="BingPackage.BingClass" name="search" time="1.762"/>
  <system-out/>
  <testcase classname="BingPackage.BingClass" name="search" time="2.439"/>
  <system-out/>
  <testcase classname="BingPackage.BingClass" name="search" time="2.253"/>
  <system-out/>
  <testcase classname="BingPackage.BingClass" name="search" time="1.889"/>
  <system-out/>
  <testcase classname="BingPackage.BingClass" name="search" time="2.160"/>
  <system-out/>
  <testcase classname="BingPackage.BingClass" name="search" time="2.594"/>
  <system-out/>
  <testcase classname="BingPackage.BingClass" name="search" time="1.471"/>
  <system-out/>
  <testcase classname="BingPackage.BingClass" name="search" time="2.697"/>
  <system-out/>
  <testcase classname="BingPackage.BingClass" name="search" time="1.761"/>
  <system-out/>
  <testcase classname="BingPackage.BingClass" name="search" time="1.612"/>
  <system-out/>
  <testcase classname="BingPackage.BingClass" name="search" time="2.705"/>
  <system-out/>
  <testcase classname="BingPackage.BingClass" name="search" time="2.635"/>
  <system-out/>
  <testcase classname="BingPackage.BingClass" name="search" time="2.232"/>
  <system-out/>
  <testcase classname="BingPackage.BingClass" name="search" time="1.724"/>
  <system-out/>
  <testcase classname="BingPackage.BingClass" name="search" time="2.947"/>
  <system-out/>
  <testcase classname="BingPackage.BingClass" name="search" time="2.520"/>
  <system-out/>
  <testcase classname="BingPackage.BingClass" name="search" time="2.431"/>
  <system-out/>
  <testcase classname="BingPackage.BingClass" name="search" time="2.658"/>
  <system-out/>
  <testcase classname="BingPackage.BingClass" name="search" time="2.312"/>
  <system-out/>
  <testcase classname="BingPackage.BingClass" name="search" time="1.848"/>
  <system-out/>
  <testcase classname="BingPackage.BingClass" name="search" time="2.580"/>
  <system-out/>
  <testcase classname="BingPackage.BingClass" name="search" time="1.797"/>
  <system-out/>
  <testcase classname="BingPackage.BingClass" name="search" time="2.002"/>
  <system-out/>
  <testcase classname="BingPackage.BingClass" name="search" time="2.643"/>
  <system-out/>
  <testcase classname="BingPackage.BingClass" name="search" time="2.740"/>
  <system-out/>
</testsuite> <!-- BingPackage.BingClass -->
